<?xml version="1.0" encoding="UTF-8"?>
<testsuite xmlns:xsi="http://www.w3.org/2001/XMLSchema-instance" xsi:noNamespaceSchemaLocation="https://maven.apache.org/surefire/maven-surefire-plugin/xsd/surefire-test-report-3.0.xsd" version="3.0" name="com.game.bowling.io.ConsoleIOTest" time="0.05" tests="3" errors="0" skipped="0" failures="0">
  <properties>
[...]
</properties>
  <testcase name="testReadRolls_validInput" classname="com.game.bowling.io.ConsoleIOTest" time="0.022"/>
  <testcase name="testWriteScore_outputFormat" classname="com.game.bowling.io.ConsoleIOTest" time="0.007"/>
  <testcase name="testReadValidRolls_validGame" classname="com.game.bowling.io.ConsoleIOTest" time="0.001"/>
</testsuite>